<?xml version="1.0" encoding="UTF-8"?>
<testng-results skipped="0" failed="0" total="1" passed="1">
  <reporter-output>
    <line>
      <![CDATA[Test testgmailLoginis PASSED]]>
    </line>
  </reporter-output>
  <suite name="Default suite" duration-ms="55075" started-at="2019-04-07T18:26:41Z" finished-at="2019-04-07T18:27:36Z">
    <groups>
    </groups>
    <test name="Default test" duration-ms="55075" started-at="2019-04-07T18:26:41Z" finished-at="2019-04-07T18:27:36Z">
      <class name="script.GmailLogin">
        <test-method status="PASS" signature="openApplication()[pri:0, instance:script.GmailLogin@6d00a15d]" name="openApplication" is-config="true" duration-ms="12043" started-at="2019-04-07T23:56:41Z" finished-at="2019-04-07T23:56:53Z">
          <reporter-output>
          </reporter-output>
        </test-method> <!-- openApplication -->
        <test-method status="PASS" signature="testgmailLogin()[pri:0, instance:script.GmailLogin@6d00a15d]" name="testgmailLogin" duration-ms="36384" started-at="2019-04-07T23:56:53Z" finished-at="2019-04-07T23:57:30Z">
          <reporter-output>
          </reporter-output>
        </test-method> <!-- testgmailLogin -->
        <test-method status="PASS" signature="closeApplication(org.testng.ITestResult)[pri:0, instance:script.GmailLogin@6d00a15d]" name="closeApplication" is-config="true" duration-ms="6615" started-at="2019-04-07T23:57:30Z" finished-at="2019-04-07T23:57:36Z">
          <params>
            <param index="0">
              <value>
                <![CDATA[[TestResult name=testgmailLogin status=SUCCESS method=GmailLogin.testgmailLogin()[pri:0, instance:script.GmailLogin@6d00a15d] output={null}]]]>
              </value>
            </param>
          </params>
          <reporter-output>
            <line>
              <![CDATA[Test testgmailLoginis PASSED]]>
            </line>
          </reporter-output>
        </test-method> <!-- closeApplication -->
      </class> <!-- script.GmailLogin -->
    </test> <!-- Default test -->
  </suite> <!-- Default suite -->
</testng-results>
